
ROM used:   1618/2048 (79%)
            1618/2048 (79%) including unused fragments

            0.3 Average locations per line
            1.3 Average locations per statement

RAM used:   61/128 (48%) at main() level
            78/128 (61%) worst case

Stack used: 5 worst case (3 in main + 2 for interrupts)
Stack size: 8

Lines Stmts  %   Files
----- ----- ---  -----
  932   498  40  slave.c
   17     0   0  slave.h
  619     0   0  ..\..\Program Files (x86)\PICC\devices\16F684.h
 2229   257  21  ..\..\Program Files (x86)\PICC\drivers\math.h
 1351   359  29  ..\..\Program Files (x86)\PICC\drivers\STDLIB.H
   32     0   0  ..\..\Program Files (x86)\PICC\drivers\stddef.h
  423   125  10  ..\..\Program Files (x86)\PICC\drivers\string.h
   28     0   0  ..\..\Program Files (x86)\PICC\drivers\ctype.h
----- -----
 5631  1239 Total

Page ROM  %  RAM   Vol Diff  Functions:
---- --- --- ---   --- ----  ----------
 Inline         1             @delay_ms2
 Inline         1             @delay_us2
0     25   2    0   393  3.3  EXT_isr
0    200  12    1   764  6.7  TIMER1_isr
0     12   1    0   123  3.8  RTCC_isr
0    165  10    2  1194  8.3  MAIN
0     24   1    0   267  2.8  init
0    696  43    0    59  1.9  handle
0     83   5    1   759  4.3  txmit1
 Inline         1   576  4.8  txmit0
0    111   7    3   643  8.3  txmit
0     29   2    1    56  1.9  stopbit
 Inline         2  2181  8.4  readData
0     27   2    0   444  4.3  copyData
 Inline         2  5443 11.9  commands
0      6   0    0    42  1.7  lamp_on
0      4   0    0    42  1.7  lamp_off
0     76   5    1   412  4.7  SetDimmLevel
0     96   6    2   370  2.4  init_from_eeprom
 Inline         0             @cinit1

Program metrics:
    Functions               17
    Statements              1239
    Comments                1351
    Volume (V)              20557
    Difficulty (D)          83.4
    Effort to implement (E) 1714471
    Time to implement (T)   26 hours, 27 minutes
    Est Delivered Bugs (B)  5
    Cyclomatic Complexity   86
    Maintainability (MI)    111

 Segment     Used  Free
-----------  ----  ----
00000-00003     4  0  
00004-0003F    60  0  
00040-007FF  1554  430  



